{"/mnt/Dev/interview/macheight/macheight-challenge/src/controller/sum.controller.ts": {"path":"/mnt/Dev/interview/macheight/macheight-challenge/src/controller/sum.controller.ts","statementMap":{"0":{"start":{"line":5,"column":48},"end":{"line":5,"column":50}},"1":{"start":{"line":6,"column":35},"end":{"line":6,"column":37}},"2":{"start":{"line":7,"column":8},"end":{"line":11,"column":11}},"3":{"start":{"line":9,"column":12},"end":{"line":10,"column":47}},"4":{"start":{"line":9,"column":41},"end":{"line":9,"column":79}},"5":{"start":{"line":10,"column":17},"end":{"line":10,"column":47}},"6":{"start":{"line":12,"column":8},"end":{"line":12,"column":22}},"7":{"start":{"line":1,"column":0},"end":{"line":1,"column":13}}},"fnMap":{"0":{"name":"(anonymous_0)","decl":{"start":{"line":3,"column":4},"end":{"line":3,"column":10}},"loc":{"start":{"line":3,"column":39},"end":{"line":13,"column":5}}},"1":{"name":"(anonymous_1)","decl":{"start":{"line":7,"column":21},"end":{"line":7,"column":22}},"loc":{"start":{"line":7,"column":53},"end":{"line":11,"column":9}}}},"branchMap":{"0":{"loc":{"start":{"line":9,"column":12},"end":{"line":10,"column":47}},"type":"if","locations":[{"start":{"line":9,"column":12},"end":{"line":10,"column":47}},{"start":{"line":10,"column":17},"end":{"line":10,"column":47}}]}},"s":{"0":4,"1":4,"2":4,"3":36,"4":10,"5":26,"6":4,"7":1},"f":{"0":4,"1":36},"b":{"0":[10,26]}}
}
